time="2021-08-17T18:40:43+02:00" level=debug msg="using port: 9000"
time="2021-08-17T18:40:43+02:00" level=debug msg="using server logs path: [./service.log]"
time="2021-08-17T18:40:43+02:00" level=info msg=" > server listening on: [localhost:9000]"
time="2021-08-17T18:40:47+02:00" level=warning msg="signal [interrupt] received ..."
time="2021-08-17T18:40:47+02:00" level=debug msg="graceful shutdown initiated ..."
time="2021-08-17T18:40:47+02:00" level=fatal msg="http: Server closed"
time="2021-08-17T18:41:13+02:00" level=debug msg="using port: 9000"
time="2021-08-17T18:41:13+02:00" level=debug msg="using server logs path: [./service.log]"
time="2021-08-17T18:41:13+02:00" level=info msg=" > server listening on: [localhost:9000]"
time="2021-08-17T18:41:16+02:00" level=warning msg="signal [interrupt] received ..."
time="2021-08-17T18:41:16+02:00" level=debug msg="graceful shutdown initiated ..."
time="2021-08-17T18:41:16+02:00" level=fatal msg="http: Server closed"
time="2021-08-17T18:41:54+02:00" level=debug msg="using port: 9000"
time="2021-08-17T18:41:54+02:00" level=debug msg="using server logs path: [./service.log]"
time="2021-08-17T18:41:54+02:00" level=info msg=" > server listening on: [localhost:9000]"
time="2021-08-17T18:41:55+02:00" level=warning msg="signal [interrupt] received ..."
time="2021-08-17T18:41:55+02:00" level=debug msg="graceful shutdown initiated ..."
time="2021-08-17T18:41:55+02:00" level=fatal msg="http: Server closed"
[37mDEBU[0m[0000] using port: 9000                             
[37mDEBU[0m[0000] using server logs path: [./service.log]      
[36mINFO[0m[0000]  > server listening on: [localhost:9000]     
[37mTRAC[0m[0017]  ====> request [GET] path: [/] [UA: curl/7.68.0] 
[37mTRAC[0m[0019]  ====> request [GET] path: [/] [UA: curl/7.68.0] 
